<?xml version="1.0" encoding="UTF-8"?>
<!-- Generated by org.testng.reporters.JUnitReportReporter -->
<testsuite skipped="0" hostname="DESKTOP-TNE954T" name="org.testNG.DataDrivenTest" tests="4" failures="0" timestamp="14 Sep 2022 14:41:43 GMT" time="11.846" errors="0">
  <testcase name="loginTest" time="1.029" classname="org.testNG.DataDrivenTest"/>
  <testcase name="loginTest" time="1.052" classname="org.testNG.DataDrivenTest"/>
  <testcase name="loginTest" time="1.022" classname="org.testNG.DataDrivenTest"/>
  <testcase name="loginTest" time="8.743" classname="org.testNG.DataDrivenTest"/>
</testsuite> <!-- org.testNG.DataDrivenTest -->
