<?xml version="1.0" encoding="UTF-8"?>
<!-- Generated by org.testng.reporters.JUnitReportReporter -->
<testsuite skipped="1" hostname="DESKTOP-TNE954T" name="org.testNG.DataDrivenUsingPoI" tests="2" failures="0" timestamp="12 Sep 2022 05:13:39 GMT" time="0.004" errors="0">
  <testcase name="loginWithBothCorrect" time="0.000" classname="org.testNG.DataDrivenUsingPoI">
    <skipped/>
  </testcase> <!-- loginWithBothCorrect -->
  <testcase name="executeTest" time="0.004" classname="org.testNG.DataDrivenUsingPoI"/>
</testsuite> <!-- org.testNG.DataDrivenUsingPoI -->
