<?xml version="1.0" encoding="UTF-8"?>
<!-- Generated by org.testng.reporters.JUnitReportReporter -->
<testsuite skipped="1" hostname="DESKTOP-TNE954T" name="org.dataDrivenFramework.DataDrivenUsingPoI" tests="1" failures="0" timestamp="14 Sep 2022 14:29:31 GMT" time="0.000" errors="0">
  <testcase name="provider" time="0.000" classname="org.dataDrivenFramework.DataDrivenUsingPoI">
    <skipped/>
  </testcase> <!-- provider -->
</testsuite> <!-- org.dataDrivenFramework.DataDrivenUsingPoI -->
