<?xml version="1.0" encoding="UTF-8"?>
<!-- Generated by org.testng.reporters.JUnitReportReporter -->
<testsuite skipped="0" hostname="DESKTOP-TNE954T" name="org.testNG.AssertvsVerifyDemo" tests="1" failures="0" timestamp="10 Aug 2022 07:18:59 GMT" time="0.018" errors="0">
  <testcase name="testVerify" time="0.018" classname="org.testNG.AssertvsVerifyDemo"/>
</testsuite> <!-- org.testNG.AssertvsVerifyDemo -->
