<?xml version="1.0" encoding="UTF-8"?>
<!-- Generated by org.testng.reporters.JUnitReportReporter -->
<testsuite skipped="0" hostname="DESKTOP-TNE954T" name="org.testNG.DataProviderTest" tests="4" failures="0" timestamp="06 Aug 2022 08:01:35 GMT" time="13.516" errors="0">
  <testcase name="tc0" time="4.221" classname="org.testNG.DataProviderTest"/>
  <testcase name="tc0" time="3.062" classname="org.testNG.DataProviderTest"/>
  <testcase name="tc0" time="3.538" classname="org.testNG.DataProviderTest"/>
  <testcase name="tc0" time="2.695" classname="org.testNG.DataProviderTest"/>
</testsuite> <!-- org.testNG.DataProviderTest -->
